{"level":"info","message":"::1 - - [09/Jan/2019:11:13:16 +0000] \"GET / HTTP/1.1\" 200 8600 \"http://localhost:9000/\" \"Mozilla/5.0 (Windows NT 10.0; Win64; x64) AppleWebKit/537.36 (KHTML, like Gecko) Chrome/71.0.3578.98 Safari/537.36\"\n","timestamp":"2019-01-09T11:13:16.404Z"}
{"level":"info","message":"::1 - - [09/Jan/2019:11:13:16 +0000] \"GET /css/bootstrap.min.css HTTP/1.1\" 304 - \"http://localhost:9000/\" \"Mozilla/5.0 (Windows NT 10.0; Win64; x64) AppleWebKit/537.36 (KHTML, like Gecko) Chrome/71.0.3578.98 Safari/537.36\"\n","timestamp":"2019-01-09T11:13:16.440Z"}
{"level":"info","message":"::1 - - [09/Jan/2019:11:13:16 +0000] \"GET /css/floating-labels.css HTTP/1.1\" 304 - \"http://localhost:9000/\" \"Mozilla/5.0 (Windows NT 10.0; Win64; x64) AppleWebKit/537.36 (KHTML, like Gecko) Chrome/71.0.3578.98 Safari/537.36\"\n","timestamp":"2019-01-09T11:13:16.445Z"}
{"level":"info","message":"::1 - - [09/Jan/2019:11:13:16 +0000] \"GET /bower_components/chosen/chosen.min.css HTTP/1.1\" 304 - \"http://localhost:9000/\" \"Mozilla/5.0 (Windows NT 10.0; Win64; x64) AppleWebKit/537.36 (KHTML, like Gecko) Chrome/71.0.3578.98 Safari/537.36\"\n","timestamp":"2019-01-09T11:13:16.450Z"}
{"level":"info","message":"::1 - - [09/Jan/2019:11:13:16 +0000] \"GET /css/jquery.noty.css HTTP/1.1\" 304 - \"http://localhost:9000/\" \"Mozilla/5.0 (Windows NT 10.0; Win64; x64) AppleWebKit/537.36 (KHTML, like Gecko) Chrome/71.0.3578.98 Safari/537.36\"\n","timestamp":"2019-01-09T11:13:16.480Z"}
{"level":"info","message":"::1 - - [09/Jan/2019:11:13:16 +0000] \"GET /css/noty_theme_default.css HTTP/1.1\" 304 - \"http://localhost:9000/\" \"Mozilla/5.0 (Windows NT 10.0; Win64; x64) AppleWebKit/537.36 (KHTML, like Gecko) Chrome/71.0.3578.98 Safari/537.36\"\n","timestamp":"2019-01-09T11:13:16.482Z"}
{"level":"info","message":"::1 - - [09/Jan/2019:11:13:16 +0000] \"GET /css/elfinder.min.css HTTP/1.1\" 304 - \"http://localhost:9000/\" \"Mozilla/5.0 (Windows NT 10.0; Win64; x64) AppleWebKit/537.36 (KHTML, like Gecko) Chrome/71.0.3578.98 Safari/537.36\"\n","timestamp":"2019-01-09T11:13:16.483Z"}
{"level":"info","message":"::1 - - [09/Jan/2019:11:13:16 +0000] \"GET /css/uploadify.css HTTP/1.1\" 304 - \"http://localhost:9000/\" \"Mozilla/5.0 (Windows NT 10.0; Win64; x64) AppleWebKit/537.36 (KHTML, like Gecko) Chrome/71.0.3578.98 Safari/537.36\"\n","timestamp":"2019-01-09T11:13:16.491Z"}
{"level":"info","message":"::1 - - [09/Jan/2019:11:13:16 +0000] \"GET /css/animate.min.css HTTP/1.1\" 304 - \"http://localhost:9000/\" \"Mozilla/5.0 (Windows NT 10.0; Win64; x64) AppleWebKit/537.36 (KHTML, like Gecko) Chrome/71.0.3578.98 Safari/537.36\"\n","timestamp":"2019-01-09T11:13:16.502Z"}
{"level":"info","message":"::1 - - [09/Jan/2019:11:13:16 +0000] \"GET /reload/reload.js HTTP/1.1\" 304 - \"http://localhost:9000/\" \"Mozilla/5.0 (Windows NT 10.0; Win64; x64) AppleWebKit/537.36 (KHTML, like Gecko) Chrome/71.0.3578.98 Safari/537.36\"\n","timestamp":"2019-01-09T11:13:16.504Z"}
{"level":"info","message":"::1 - - [09/Jan/2019:11:13:16 +0000] \"GET /js/jquery.min.js HTTP/1.1\" 304 - \"http://localhost:9000/\" \"Mozilla/5.0 (Windows NT 10.0; Win64; x64) AppleWebKit/537.36 (KHTML, like Gecko) Chrome/71.0.3578.98 Safari/537.36\"\n","timestamp":"2019-01-09T11:13:16.508Z"}
{"level":"info","message":"::1 - - [09/Jan/2019:11:13:16 +0000] \"GET /assets/js/popper.min.js HTTP/1.1\" 304 - \"http://localhost:9000/\" \"Mozilla/5.0 (Windows NT 10.0; Win64; x64) AppleWebKit/537.36 (KHTML, like Gecko) Chrome/71.0.3578.98 Safari/537.36\"\n","timestamp":"2019-01-09T11:13:16.512Z"}
{"level":"info","message":"::1 - - [09/Jan/2019:11:13:16 +0000] \"GET /assets/js/util.js HTTP/1.1\" 304 - \"http://localhost:9000/\" \"Mozilla/5.0 (Windows NT 10.0; Win64; x64) AppleWebKit/537.36 (KHTML, like Gecko) Chrome/71.0.3578.98 Safari/537.36\"\n","timestamp":"2019-01-09T11:13:16.513Z"}
{"level":"info","message":"::1 - - [09/Jan/2019:11:13:16 +0000] \"GET /assets/js/skel.min.js HTTP/1.1\" 304 - \"http://localhost:9000/\" \"Mozilla/5.0 (Windows NT 10.0; Win64; x64) AppleWebKit/537.36 (KHTML, like Gecko) Chrome/71.0.3578.98 Safari/537.36\"\n","timestamp":"2019-01-09T11:13:16.514Z"}
{"level":"info","message":"::1 - - [09/Jan/2019:11:13:16 +0000] \"GET /assets/js/skel-viewport.min.js HTTP/1.1\" 304 - \"http://localhost:9000/\" \"Mozilla/5.0 (Windows NT 10.0; Win64; x64) AppleWebKit/537.36 (KHTML, like Gecko) Chrome/71.0.3578.98 Safari/537.36\"\n","timestamp":"2019-01-09T11:13:16.517Z"}
{"level":"info","message":"::1 - - [09/Jan/2019:11:13:16 +0000] \"GET /assets/js/jquery.util.js HTTP/1.1\" 304 - \"http://localhost:9000/\" \"Mozilla/5.0 (Windows NT 10.0; Win64; x64) AppleWebKit/537.36 (KHTML, like Gecko) Chrome/71.0.3578.98 Safari/537.36\"\n","timestamp":"2019-01-09T11:13:16.520Z"}
{"level":"info","message":"::1 - - [09/Jan/2019:11:13:16 +0000] \"GET /js/timepicker.js HTTP/1.1\" 304 - \"http://localhost:9000/\" \"Mozilla/5.0 (Windows NT 10.0; Win64; x64) AppleWebKit/537.36 (KHTML, like Gecko) Chrome/71.0.3578.98 Safari/537.36\"\n","timestamp":"2019-01-09T11:13:16.533Z"}
{"level":"info","message":"::1 - - [09/Jan/2019:11:13:16 +0000] \"GET /js/date.js HTTP/1.1\" 304 - \"http://localhost:9000/\" \"Mozilla/5.0 (Windows NT 10.0; Win64; x64) AppleWebKit/537.36 (KHTML, like Gecko) Chrome/71.0.3578.98 Safari/537.36\"\n","timestamp":"2019-01-09T11:13:16.544Z"}
{"level":"info","message":"::1 - - [09/Jan/2019:11:13:16 +0000] \"GET /bower_components/moment/min/moment.min.js HTTP/1.1\" 304 - \"http://localhost:9000/\" \"Mozilla/5.0 (Windows NT 10.0; Win64; x64) AppleWebKit/537.36 (KHTML, like Gecko) Chrome/71.0.3578.98 Safari/537.36\"\n","timestamp":"2019-01-09T11:13:16.549Z"}
{"level":"info","message":"::1 - - [09/Jan/2019:11:13:16 +0000] \"GET /bower_components/colorbox/jquery.colorbox-min.js HTTP/1.1\" 304 - \"http://localhost:9000/\" \"Mozilla/5.0 (Windows NT 10.0; Win64; x64) AppleWebKit/537.36 (KHTML, like Gecko) Chrome/71.0.3578.98 Safari/537.36\"\n","timestamp":"2019-01-09T11:13:16.555Z"}
{"level":"info","message":"::1 - - [09/Jan/2019:11:13:16 +0000] \"GET /js/jquery.iphone.toggle.js HTTP/1.1\" 304 - \"http://localhost:9000/\" \"Mozilla/5.0 (Windows NT 10.0; Win64; x64) AppleWebKit/537.36 (KHTML, like Gecko) Chrome/71.0.3578.98 Safari/537.36\"\n","timestamp":"2019-01-09T11:13:16.556Z"}
{"level":"info","message":"::1 - - [09/Jan/2019:11:13:16 +0000] \"GET /js/jquery.uploadify-3.1.min.js HTTP/1.1\" 304 - \"http://localhost:9000/\" \"Mozilla/5.0 (Windows NT 10.0; Win64; x64) AppleWebKit/537.36 (KHTML, like Gecko) Chrome/71.0.3578.98 Safari/537.36\"\n","timestamp":"2019-01-09T11:13:16.559Z"}
{"level":"info","message":"::1 - - [09/Jan/2019:11:13:16 +0000] \"GET /js/support.js HTTP/1.1\" 304 - \"http://localhost:9000/\" \"Mozilla/5.0 (Windows NT 10.0; Win64; x64) AppleWebKit/537.36 (KHTML, like Gecko) Chrome/71.0.3578.98 Safari/537.36\"\n","timestamp":"2019-01-09T11:13:16.572Z"}
{"level":"info","message":"::1 - - [09/Jan/2019:11:13:16 +0000] \"GET /js/bootstrap.js HTTP/1.1\" 304 - \"http://localhost:9000/\" \"Mozilla/5.0 (Windows NT 10.0; Win64; x64) AppleWebKit/537.36 (KHTML, like Gecko) Chrome/71.0.3578.98 Safari/537.36\"\n","timestamp":"2019-01-09T11:13:16.573Z"}
{"level":"info","message":"::1 - - [09/Jan/2019:11:13:16 +0000] \"GET /assets/js/popper.min.js.map HTTP/1.1\" 404 166 \"-\" \"Mozilla/5.0 (Windows NT 10.0; Win64; x64) AppleWebKit/537.36 (KHTML, like Gecko) Chrome/71.0.3578.98 Safari/537.36\"\n","timestamp":"2019-01-09T11:13:16.649Z"}
{"level":"info","message":"::1 - - [09/Jan/2019:11:13:16 +0000] \"GET /js/bootstrap.js.map HTTP/1.1\" 304 - \"-\" \"Mozilla/5.0 (Windows NT 10.0; Win64; x64) AppleWebKit/537.36 (KHTML, like Gecko) Chrome/71.0.3578.98 Safari/537.36\"\n","timestamp":"2019-01-09T11:13:16.809Z"}
{"level":"info","message":"::1 - - [09/Jan/2019:11:13:16 +0000] \"GET /css/bootstrap.min.css.map HTTP/1.1\" 304 - \"-\" \"Mozilla/5.0 (Windows NT 10.0; Win64; x64) AppleWebKit/537.36 (KHTML, like Gecko) Chrome/71.0.3578.98 Safari/537.36\"\n","timestamp":"2019-01-09T11:13:16.812Z"}
